2025-07-03 10:15:33,688 - INFO - Début de l'extraction des données météo...
2025-07-03 10:15:33,689 - INFO - Traitement en cours pour Paris...
2025-07-03 10:15:42,642 - INFO - Traitement en cours pour Tokyo...
2025-07-03 10:15:51,674 - INFO - Traitement en cours pour Rio de Janeiro...
2025-07-03 10:15:53,999 - INFO - Traitement en cours pour New York...
2025-07-03 10:15:57,173 - INFO - Traitement en cours pour Sydney...
2025-07-03 10:16:01,560 - INFO - Données sauvegardées avec succès dans data/raw\weather_data_20250703_101601.csv
2025-07-03 10:16:01,561 - INFO - Nombre d'enregistrements: 5
2025-07-03 10:16:01,561 - INFO - Extraction terminée avec succès!
2025-07-03 10:22:05,297 - INFO - Début de l'extraction des données météo
2025-07-03 10:22:05,298 - INFO - Traitement de Paris...
2025-07-03 10:22:07,964 - INFO - Traitement de Tokyo...
2025-07-03 10:22:10,152 - INFO - Traitement de Rio de Janeiro...
2025-07-03 10:22:11,941 - INFO - Traitement de New York...
2025-07-03 10:22:13,653 - INFO - Traitement de Sydney...
2025-07-03 10:22:15,940 - INFO - Données sauvegardées dans data/raw\donnees_meteo_20250703_102215.csv
2025-07-03 10:22:15,941 - INFO - Villes incluses: 5/5
2025-07-03 10:22:15,943 - INFO - Extraction terminée avec succès!
2025-07-03 10:22:47,480 - INFO - Début de l'extraction des données météo
2025-07-03 10:22:47,480 - INFO - Traitement de Paris...
2025-07-03 10:22:50,070 - INFO - Traitement de Tokyo...
2025-07-03 10:22:52,443 - INFO - Traitement de Rio de Janeiro...
2025-07-03 10:22:55,743 - INFO - Traitement de New York...
2025-07-03 10:23:04,054 - INFO - Traitement de Sydney...
2025-07-03 10:23:16,834 - ERROR - Erreur API pour Sydney: ('Connection aborted.', ConnectionResetError(10054, 'Une connexion existante a dû être fermée par l’hôte distant', None, 10054, None))
2025-07-03 10:23:17,862 - INFO - Données sauvegardées dans data/raw\donnees_meteo_20250703_102317.csv
2025-07-03 10:23:17,864 - INFO - Villes incluses: 4/5
2025-07-03 10:23:17,865 - INFO - Extraction terminée avec succès!
2025-07-03 10:31:50,369 - INFO - Début de l'extraction des données météo
2025-07-03 10:31:50,370 - INFO - Traitement de Paris...
2025-07-03 10:31:52,011 - INFO - Traitement de Tokyo...
2025-07-03 10:31:53,713 - INFO - Traitement de Rio de Janeiro...
2025-07-03 10:31:55,378 - INFO - Traitement de New York...
2025-07-03 10:31:56,990 - INFO - Traitement de Sydney...
2025-07-03 10:31:58,687 - INFO - Données sauvegardées dans data/raw\donnees_meteo_20250703_103158.csv
2025-07-03 10:31:58,688 - INFO - Villes incluses: 5/5
2025-07-03 10:31:58,689 - INFO - Extraction terminée avec succès!
2025-07-03 10:51:28,118 - INFO - Début de l'extraction des données météo
2025-07-03 10:51:28,119 - INFO - Traitement de Paris...
2025-07-03 10:51:30,244 - INFO - Traitement de Tokyo...
2025-07-03 10:51:31,910 - INFO - Traitement de Rio de Janeiro...
2025-07-03 10:51:34,089 - INFO - Traitement de New York...
2025-07-03 10:51:36,716 - INFO - Traitement de Sydney...
2025-07-03 10:51:38,835 - INFO - Données sauvegardées dans data/raw\donnees_meteo_20250703_105138.csv
2025-07-03 10:51:38,837 - INFO - Villes incluses: 5/5
2025-07-03 10:51:38,840 - INFO - Extraction terminée avec succès!
2025-07-03 11:38:28,584 - INFO - Début de l'extraction des données météo
2025-07-03 11:38:28,586 - INFO - Traitement de Paris...
2025-07-03 11:38:30,913 - INFO - Traitement de Tokyo...
2025-07-03 11:38:33,657 - INFO - Traitement de Rio de Janeiro...
2025-07-03 11:38:35,807 - INFO - Traitement de New York...
2025-07-03 11:38:38,471 - INFO - Traitement de Sydney...
2025-07-03 11:38:40,656 - INFO - Données sauvegardées dans data/raw\donnees_meteo_20250703_113840.csv
2025-07-03 11:38:40,657 - INFO - Villes incluses: 5/5
2025-07-03 11:38:40,659 - INFO - Extraction terminée avec succès!
